<?xml version="1.0" encoding="UTF-8"?>
<testng-results skipped="0" failed="0" total="1" passed="1">
  <reporter-output>
  </reporter-output>
  <suite name="Default suite" duration-ms="11089" started-at="2017-05-17T17:46:24Z" finished-at="2017-05-17T17:46:35Z">
    <groups>
    </groups>
    <test name="Default test" duration-ms="11089" started-at="2017-05-17T17:46:24Z" finished-at="2017-05-17T17:46:35Z">
      <class name="seleniumLearning.Demoqa">
        <test-method status="PASS" signature="registration()[pri:0, instance:seleniumLearning.Demoqa@b684286]" name="registration" duration-ms="11055" started-at="2017-05-17T21:46:24Z" finished-at="2017-05-17T21:46:35Z">
          <reporter-output>
          </reporter-output>
        </test-method> <!-- registration -->
      </class> <!-- seleniumLearning.Demoqa -->
    </test> <!-- Default test -->
  </suite> <!-- Default suite -->
</testng-results>
