<?xml version="1.0" encoding="UTF-8"?>
<!-- Generated by org.testng.reporters.JUnitXMLReporter -->
<testsuite hostname="Girishs-MacBook-Air.local" name="Default test" tests="2" failures="0" timestamp="19 May 2017 11:28:07 GMT" time="9.428" errors="0">
  <testcase name="testB" time="7.956" classname="com.qtpselenium.core.dff.testcases.DummyTestB"/>
  <testcase name="testB" time="0.002" classname="com.qtpselenium.core.dff.testcases.DummyTestB">
    <skipped/>
  </testcase> <!-- testB -->
</testsuite> <!-- Default test -->
