<?xml version="1.0" encoding="UTF-8"?>
<!-- Generated by org.testng.reporters.JUnitXMLReporter -->
<testsuite hostname="Girishs-MacBook-Air.local" name="Default test" tests="9" failures="0" timestamp="22 May 2017 15:28:12 GMT" time="194.494" errors="0">
  <testcase name="createLeadTest" time="0.011" classname="com.qtpselenium.zoho.project.testcases.LeadTest">
    <skipped/>
  </testcase> <!-- createLeadTest -->
  <testcase name="createLeadTest" time="55.795" classname="com.qtpselenium.zoho.project.testcases.LeadTest"/>
  <testcase name="createLeadTest" time="0.002" classname="com.qtpselenium.zoho.project.testcases.LeadTest">
    <skipped/>
  </testcase> <!-- createLeadTest -->
  <testcase name="createLeadTest" time="0.001" classname="com.qtpselenium.zoho.project.testcases.LeadTest">
    <skipped/>
  </testcase> <!-- createLeadTest -->
  <testcase name="convertLeadTest" time="0.004" classname="com.qtpselenium.zoho.project.testcases.LeadTest">
    <skipped/>
  </testcase> <!-- convertLeadTest -->
  <testcase name="convertLeadTest" time="60.471" classname="com.qtpselenium.zoho.project.testcases.LeadTest"/>
  <testcase name="convertLeadTest" time="0.001" classname="com.qtpselenium.zoho.project.testcases.LeadTest">
    <skipped/>
  </testcase> <!-- convertLeadTest -->
  <testcase name="convertLeadTest" time="0.002" classname="com.qtpselenium.zoho.project.testcases.LeadTest">
    <skipped/>
  </testcase> <!-- convertLeadTest -->
  <testcase name="deleteLeadAccountTest" time="74.752" classname="com.qtpselenium.zoho.project.testcases.LeadTest"/>
</testsuite> <!-- Default test -->
