<?xml version="1.0" encoding="UTF-8"?>
<!-- Generated by org.testng.reporters.JUnitXMLReporter -->
<testsuite hostname="Girishs-MacBook-Air.local" name="Command line test" tests="13" failures="0" timestamp="4 Jun 2017 14:59:18 GMT" time="30.604" errors="0">
  <testcase name="doLoginTest" time="28.012" classname="com.qtpselenium.zoho.project.testcases.LoginTest"/>
  <testcase name="doLoginTest" time="0.002" classname="com.qtpselenium.zoho.project.testcases.LoginTest">
    <skipped/>
  </testcase> <!-- doLoginTest -->
  <testcase name="createPotentialTest" time="0.0" classname="com.qtpselenium.zoho.project.testcases.PotentialTest">
    <skipped/>
  </testcase> <!-- createPotentialTest -->
  <testcase name="createLeadTest" time="0.002" classname="com.qtpselenium.zoho.project.testcases.LeadTest">
    <skipped/>
  </testcase> <!-- createLeadTest -->
  <testcase name="createLeadTest" time="0.001" classname="com.qtpselenium.zoho.project.testcases.LeadTest">
    <skipped/>
  </testcase> <!-- createLeadTest -->
  <testcase name="createLeadTest" time="0.001" classname="com.qtpselenium.zoho.project.testcases.LeadTest">
    <skipped/>
  </testcase> <!-- createLeadTest -->
  <testcase name="createLeadTest" time="0.002" classname="com.qtpselenium.zoho.project.testcases.LeadTest">
    <skipped/>
  </testcase> <!-- createLeadTest -->
  <testcase name="convertLeadTest" time="0.0" classname="com.qtpselenium.zoho.project.testcases.LeadTest">
    <skipped/>
  </testcase> <!-- convertLeadTest -->
  <testcase name="convertLeadTest" time="0.005" classname="com.qtpselenium.zoho.project.testcases.LeadTest">
    <skipped/>
  </testcase> <!-- convertLeadTest -->
  <testcase name="convertLeadTest" time="0.002" classname="com.qtpselenium.zoho.project.testcases.LeadTest">
    <skipped/>
  </testcase> <!-- convertLeadTest -->
  <testcase name="convertLeadTest" time="0.001" classname="com.qtpselenium.zoho.project.testcases.LeadTest">
    <skipped/>
  </testcase> <!-- convertLeadTest -->
  <testcase name="deleteLeadAccountTest" time="0.001" classname="com.qtpselenium.zoho.project.testcases.LeadTest">
    <skipped/>
  </testcase> <!-- deleteLeadAccountTest -->
  <testcase name="deletePotentialAccountTest" time="0.0" classname="com.qtpselenium.zoho.project.testcases.PotentialTest">
    <skipped/>
  </testcase> <!-- deletePotentialAccountTest -->
</testsuite> <!-- Command line test -->
