<?xml version="1.0" encoding="UTF-8" ?>
<testsuite tests="14" failures="0" name="TestSuite" time="28.229" errors="0" skipped="12">
  <properties>
[...]
</properties>
  <testcase classname="com.qtpselenium.zoho.project.testcases.LoginTest" name="doLoginTest" time="28.015"/>
  <testcase classname="com.qtpselenium.zoho.project.testcases.LoginTest" name="doLoginTest" time="0.001">
    <skipped/>
    <system-err>1496588357513	Marionette	INFO	New connections will no longer be accepted
</system-err>
  </testcase>
  <testcase classname="com.qtpselenium.zoho.project.testcases.PotentialTest" name="createPotentialTest" time="0.144">
    <skipped/>
  </testcase>
  <testcase classname="com.qtpselenium.zoho.project.testcases.LeadTest" name="createLeadTest" time="0.003">
    <skipped/>
    <system-out>Test row starts from 6
The total number of rows are 4
Total columns are 4




</system-out>
  </testcase>
  <testcase classname="com.qtpselenium.zoho.project.testcases.LeadTest" name="createLeadTest" time="0.001">
    <skipped/>
  </testcase>
  <testcase classname="com.qtpselenium.zoho.project.testcases.LeadTest" name="createLeadTest" time="0.001">
    <skipped/>
  </testcase>
  <testcase classname="com.qtpselenium.zoho.project.testcases.LeadTest" name="createLeadTest" time="0.001">
    <skipped/>
  </testcase>
  <testcase classname="com.qtpselenium.zoho.project.testcases.LeadTest" name="convertLeadTest" time="0.002">
    <skipped/>
    <system-out>Test row starts from 6
The total number of rows are 4
Total columns are 4




</system-out>
  </testcase>
  <testcase classname="com.qtpselenium.zoho.project.testcases.LeadTest" name="convertLeadTest" time="0.005">
    <skipped/>
  </testcase>
  <testcase classname="com.qtpselenium.zoho.project.testcases.LeadTest" name="convertLeadTest" time="0.002">
    <skipped/>
  </testcase>
  <testcase classname="com.qtpselenium.zoho.project.testcases.LeadTest" name="convertLeadTest" time="0.002">
    <skipped/>
  </testcase>
  <testcase classname="com.qtpselenium.zoho.project.testcases.LeadTest" name="deleteLeadAccountTest" time="0.001">
    <skipped/>
    <system-out>Test row starts from 13
The total number of rows are 1
Total columns are 4

</system-out>
  </testcase>
  <testcase classname="com.qtpselenium.zoho.project.testcases.PotentialTest" name="deletePotentialAccountTest" time="0.049">
    <skipped/>
  </testcase>
  <testcase classname="com.qtpselenium.zoho.project.AppTest" name="testApp on testApp(com.qtpselenium.zoho.project.AppTest)" time="0.002"/>
</testsuite>