<?xml version="1.0" encoding="UTF-8"?>
<testng-results skipped="1" failed="0" total="2" passed="1">
  <reporter-output>
  </reporter-output>
  <suite name="Default suite" duration-ms="9428" started-at="2017-05-19T11:27:58Z" finished-at="2017-05-19T11:28:07Z">
    <groups>
    </groups>
    <test name="Default test" duration-ms="9428" started-at="2017-05-19T11:27:58Z" finished-at="2017-05-19T11:28:07Z">
      <class name="com.qtpselenium.core.dff.testcases.DummyTestB">
        <test-method status="PASS" signature="init()[pri:0, instance:com.qtpselenium.core.dff.testcases.DummyTestB@16022d9d]" name="init" is-config="true" duration-ms="8" started-at="2017-05-19T15:27:58Z" finished-at="2017-05-19T15:27:58Z">
          <reporter-output>
          </reporter-output>
        </test-method> <!-- init -->
        <test-method status="PASS" signature="testB(java.util.Hashtable)[pri:0, instance:com.qtpselenium.core.dff.testcases.DummyTestB@16022d9d]" name="testB" duration-ms="7956" started-at="2017-05-19T15:27:58Z" data-provider="getData" finished-at="2017-05-19T15:28:06Z">
          <params>
            <param index="0">
              <value>
                <![CDATA[{Col4=B4, Col3=B3, Col2=B2, Col1=B1, Runmode=Y}]]>
              </value>
            </param>
          </params>
          <reporter-output>
          </reporter-output>
        </test-method> <!-- testB -->
        <test-method status="PASS" signature="quit()[pri:0, instance:com.qtpselenium.core.dff.testcases.DummyTestB@16022d9d]" name="quit" is-config="true" duration-ms="632" started-at="2017-05-19T15:28:06Z" finished-at="2017-05-19T15:28:07Z">
          <reporter-output>
          </reporter-output>
        </test-method> <!-- quit -->
        <test-method status="PASS" signature="init()[pri:0, instance:com.qtpselenium.core.dff.testcases.DummyTestB@16022d9d]" name="init" is-config="true" duration-ms="0" started-at="2017-05-19T15:28:07Z" finished-at="2017-05-19T15:28:07Z">
          <reporter-output>
          </reporter-output>
        </test-method> <!-- init -->
        <test-method status="SKIP" signature="testB(java.util.Hashtable)[pri:0, instance:com.qtpselenium.core.dff.testcases.DummyTestB@16022d9d]" name="testB" duration-ms="2" started-at="2017-05-19T15:28:07Z" data-provider="getData" finished-at="2017-05-19T15:28:07Z">
          <params>
            <param index="0">
              <value>
                <![CDATA[{Col4=B8, Col3=B7, Col2=B6, Col1=B5, Runmode=N}]]>
              </value>
            </param>
          </params>
          <exception class="org.testng.SkipException">
            <message>
              <![CDATA[Skipping the test as runmode is N]]>
            </message>
            <full-stacktrace>
              <![CDATA[org.testng.SkipException: Skipping the test as runmode is N
	at com.qtpselenium.core.dff.testcases.DummyTestB.testB(DummyTestB.java:30)
	at sun.reflect.NativeMethodAccessorImpl.invoke0(Native Method)
	at sun.reflect.NativeMethodAccessorImpl.invoke(NativeMethodAccessorImpl.java:62)
	at sun.reflect.DelegatingMethodAccessorImpl.invoke(DelegatingMethodAccessorImpl.java:43)
	at java.lang.reflect.Method.invoke(Method.java:497)
	at org.testng.internal.MethodInvocationHelper.invokeMethod(MethodInvocationHelper.java:85)
	at org.testng.internal.Invoker.invokeMethod(Invoker.java:639)
	at org.testng.internal.Invoker.invokeTestMethod(Invoker.java:821)
	at org.testng.internal.Invoker.invokeTestMethods(Invoker.java:1131)
	at org.testng.internal.TestMethodWorker.invokeTestMethods(TestMethodWorker.java:124)
	at org.testng.internal.TestMethodWorker.run(TestMethodWorker.java:108)
	at org.testng.TestRunner.privateRun(TestRunner.java:773)
	at org.testng.TestRunner.run(TestRunner.java:623)
	at org.testng.SuiteRunner.runTest(SuiteRunner.java:357)
	at org.testng.SuiteRunner.runSequentially(SuiteRunner.java:352)
	at org.testng.SuiteRunner.privateRun(SuiteRunner.java:310)
	at org.testng.SuiteRunner.run(SuiteRunner.java:259)
	at org.testng.SuiteRunnerWorker.runSuite(SuiteRunnerWorker.java:52)
	at org.testng.SuiteRunnerWorker.run(SuiteRunnerWorker.java:86)
	at org.testng.TestNG.runSuitesSequentially(TestNG.java:1185)
	at org.testng.TestNG.runSuitesLocally(TestNG.java:1110)
	at org.testng.TestNG.run(TestNG.java:1018)
	at org.testng.remote.RemoteTestNG.run(RemoteTestNG.java:111)
	at org.testng.remote.RemoteTestNG.initAndRun(RemoteTestNG.java:204)
	at org.testng.remote.RemoteTestNG.main(RemoteTestNG.java:175)
]]>
            </full-stacktrace>
          </exception> <!-- org.testng.SkipException -->
          <reporter-output>
          </reporter-output>
        </test-method> <!-- testB -->
        <test-method status="PASS" signature="quit()[pri:0, instance:com.qtpselenium.core.dff.testcases.DummyTestB@16022d9d]" name="quit" is-config="true" duration-ms="86" started-at="2017-05-19T15:28:07Z" finished-at="2017-05-19T15:28:07Z">
          <reporter-output>
          </reporter-output>
        </test-method> <!-- quit -->
      </class> <!-- com.qtpselenium.core.dff.testcases.DummyTestB -->
    </test> <!-- Default test -->
  </suite> <!-- Default suite -->
</testng-results>
