<?xml version="1.0" encoding="UTF-8"?>
<testng-results skipped="0" failed="0" total="1" passed="1">
  <reporter-output>
  </reporter-output>
  <suite name="Command line suite" duration-ms="72" started-at="2017-06-04T14:59:18Z" finished-at="2017-06-04T14:59:19Z">
    <groups>
    </groups>
    <test name="Command line test" duration-ms="72" started-at="2017-06-04T14:59:18Z" finished-at="2017-06-04T14:59:19Z">
      <class name="com.qtpselenium.zoho.project.AppTest">
        <test-method status="PASS" signature="testApp()[pri:0, instance:testApp(com.qtpselenium.zoho.project.AppTest)]" name="testApp" duration-ms="3" started-at="2017-06-04T18:59:19Z" finished-at="2017-06-04T18:59:19Z">
          <reporter-output>
          </reporter-output>
        </test-method> <!-- testApp -->
      </class> <!-- com.qtpselenium.zoho.project.AppTest -->
    </test> <!-- Command line test -->
  </suite> <!-- Command line suite -->
</testng-results>
