<?xml version="1.0" encoding="UTF-8"?>
<!-- Generated by org.testng.reporters.JUnitXMLReporter -->
<testsuite hostname="Girishs-MacBook-Air.local" name="Simple Gmail" tests="1" failures="0" timestamp="30 Sep 2015 15:53:36 GMT" time="0.041" errors="0">
  <testcase name="@BeforeTest testreceive" time="0.0" classname="Test.Gmailmessage">
    <skipped/>
  </testcase> <!-- @BeforeTest testreceive -->
  <testcase name="testmessage" time="0.002" classname="Test.Gmailmessage">
    <skipped/>
  </testcase> <!-- testmessage -->
</testsuite> <!-- Simple Gmail -->
