<?xml version="1.0" encoding="UTF-8"?>
<!-- Generated by org.testng.reporters.JUnitXMLReporter -->
<testsuite hostname="Girishs-MacBook-Air.local" name="TestA" tests="3" failures="1" timestamp="18 May 2017 21:00:38 GMT" time="0.392" errors="0">
  <testcase name="testA1" time="0.019" classname="com.qtpselenium.core.dff.testcases.DummyTestA">
    <failure type="java.lang.NullPointerException">
      <![CDATA[java.lang.NullPointerException
	at com.qtpselenium.core.dff.base.BaseTest.takeScreenshot(BaseTest.java:147)
	at com.qtpselenium.core.dff.base.BaseTest.reportFailure(BaseTest.java:139)
	at com.qtpselenium.core.dff.testcases.DummyTestA.testA1(DummyTestA.java:12)
... Removed 24 stack frames]]>
    </failure>
  </testcase> <!-- testA1 -->
  <testcase name="testA2" time="0.0" classname="com.qtpselenium.core.dff.testcases.DummyTestA">
    <skipped/>
  </testcase> <!-- testA2 -->
  <testcase name="testA3" time="0.0" classname="com.qtpselenium.core.dff.testcases.DummyTestA">
    <skipped/>
  </testcase> <!-- testA3 -->
</testsuite> <!-- TestA -->
