<?xml version="1.0" encoding="UTF-8"?>
<!-- Generated by org.testng.reporters.JUnitXMLReporter -->
<testsuite hostname="Girishs-MacBook-Air.local" name="TestB" tests="2" failures="0" timestamp="18 May 2017 21:00:39 GMT" time="0.906" errors="0">
  <testcase name="testB" time="0.002" classname="com.qtpselenium.core.dff.testcases.DummyTestB">
    <skipped/>
  </testcase> <!-- testB -->
  <testcase name="testB" time="0.003" classname="com.qtpselenium.core.dff.testcases.DummyTestB">
    <skipped/>
  </testcase> <!-- testB -->
</testsuite> <!-- TestB -->
