<?xml version="1.0" encoding="UTF-8"?>
<!-- Generated by org.testng.reporters.JUnitXMLReporter -->
<testsuite hostname="Girishs-MacBook-Air.local" name="TestC" tests="4" failures="0" timestamp="18 May 2017 21:00:39 GMT" time="0.339" errors="0">
  <testcase name="testC" time="0.003" classname="com.qtpselenium.core.dff.testcases.DummyTestC"/>
  <testcase name="testC" time="0.003" classname="com.qtpselenium.core.dff.testcases.DummyTestC">
    <skipped/>
  </testcase> <!-- testC -->
  <testcase name="testC" time="0.01" classname="com.qtpselenium.core.dff.testcases.DummyTestC"/>
  <testcase name="testC" time="0.001" classname="com.qtpselenium.core.dff.testcases.DummyTestC">
    <skipped/>
  </testcase> <!-- testC -->
</testsuite> <!-- TestC -->
