<?xml version="1.0" encoding="UTF-8"?>
<testng-results skipped="0" failed="0" total="4" passed="4">
  <reporter-output>
  </reporter-output>
  <suite name="Default suite" duration-ms="818" started-at="2017-05-17T16:27:41Z" finished-at="2017-05-17T16:27:42Z">
    <groups>
    </groups>
    <test name="Default test" duration-ms="818" started-at="2017-05-17T16:27:41Z" finished-at="2017-05-17T16:27:42Z">
      <class name="TestA">
        <test-method status="PASS" signature="Test(java.util.Hashtable)[pri:0, instance:TestA@34033bd0]" name="Test" duration-ms="10" started-at="2017-05-17T20:27:42Z" data-provider="getData" finished-at="2017-05-17T20:27:42Z">
          <params>
            <param index="0">
              <value>
                <![CDATA[{Col2=C2, Col1=C1, Runmode=Y}]]>
              </value>
            </param>
          </params>
          <reporter-output>
          </reporter-output>
        </test-method> <!-- Test -->
        <test-method status="PASS" signature="Test(java.util.Hashtable)[pri:0, instance:TestA@34033bd0]" name="Test" duration-ms="1" started-at="2017-05-17T20:27:42Z" data-provider="getData" finished-at="2017-05-17T20:27:42Z">
          <params>
            <param index="0">
              <value>
                <![CDATA[{Col2=C4, Col1=C3, Runmode=N}]]>
              </value>
            </param>
          </params>
          <reporter-output>
          </reporter-output>
        </test-method> <!-- Test -->
        <test-method status="PASS" signature="Test(java.util.Hashtable)[pri:0, instance:TestA@34033bd0]" name="Test" duration-ms="2" started-at="2017-05-17T20:27:42Z" data-provider="getData" finished-at="2017-05-17T20:27:42Z">
          <params>
            <param index="0">
              <value>
                <![CDATA[{Col2=C6, Col1=C5, Runmode=Y}]]>
              </value>
            </param>
          </params>
          <reporter-output>
          </reporter-output>
        </test-method> <!-- Test -->
        <test-method status="PASS" signature="Test(java.util.Hashtable)[pri:0, instance:TestA@34033bd0]" name="Test" duration-ms="1" started-at="2017-05-17T20:27:42Z" data-provider="getData" finished-at="2017-05-17T20:27:42Z">
          <params>
            <param index="0">
              <value>
                <![CDATA[{Col2=C8, Col1=C7, Runmode=N}]]>
              </value>
            </param>
          </params>
          <reporter-output>
          </reporter-output>
        </test-method> <!-- Test -->
      </class> <!-- TestA -->
    </test> <!-- Default test -->
  </suite> <!-- Default suite -->
</testng-results>
